Build started 11/18/2015 9:28:52 PM.
     1>Project "c:\Users\Travis\documents\visual studio 2015\Projects\HW3main\HW3main\HW3main.vcxproj" on node 2 (Build target(s)).
     1>Link:
         C:\Program Files (x86)\Microsoft Visual Studio 14.0\VC\bin\link.exe /ERRORREPORT:PROMPT /OUT:"c:\users\travis\documents\visual studio 2015\Projects\HW3main\Debug\HW3main.exe" /INCREMENTAL /NOLOGO /LIBPATH:"C:\Users\Travis\Documents\Visual Studio 2015\Projects\HW3slib\HW3slib" HW3slib.lib kernel32.lib user32.lib gdi32.lib winspool.lib comdlg32.lib advapi32.lib shell32.lib ole32.lib oleaut32.lib uuid.lib odbc32.lib odbccp32.lib /MANIFEST /MANIFESTUAC:"level='asInvoker' uiAccess='false'" /manifest:embed /Debug /PDB:"c:\users\travis\documents\visual studio 2015\Projects\HW3main\Debug\HW3main.pdb" /SUBSYSTEM:CONSOLE /TLBID:1 /DYNAMICBASE /NXCOMPAT /IMPLIB:"c:\users\travis\documents\visual studio 2015\Projects\HW3main\Debug\HW3main.lib" /MACHINE:X86 Debug\main.obj
     1>LINK : fatal error LNK1104: cannot open file 'HW3slib.lib'
     1>Done Building Project "c:\Users\Travis\documents\visual studio 2015\Projects\HW3main\HW3main\HW3main.vcxproj" (Build target(s)) -- FAILED.

Build FAILED.

Time Elapsed 00:00:00.08
